<?xml version="1.0" encoding="UTF-8"?>
<!-- Generated by org.testng.reporters.JUnitReportReporter -->
<testsuite hostname="ODI-ECOM-167161.local" failures="0" tests="1" name="runners.PositiveTest" time="16.092" errors="0" timestamp="27 Jun 2022 08:10:41 GMT">
  <testcase classname="runners.PositiveTest" name="feature" time="16.092"/>
</testsuite> <!-- runners.PositiveTest -->
