<?xml version="1.0" encoding="UTF-8"?>
<!-- Generated by org.testng.reporters.JUnitReportReporter -->
<testsuite hostname="ODI-ECOM-167161.local" failures="0" tests="1" name="runners.PositiveTest" time="20.958" errors="0" timestamp="27 Jun 2022 03:21:03 GMT">
  <testcase classname="runners.PositiveTest" name="feature" time="20.958"/>
</testsuite> <!-- runners.PositiveTest -->
